2023-09-29 06:47:06,317 INFO o.a.j.u.JMeterUtils: Setting Locale to en_EN
2023-09-29 06:47:06,348 INFO o.a.j.JMeter: Loading user properties from: user.properties
2023-09-29 06:47:06,348 INFO o.a.j.JMeter: Loading system properties from: system.properties
2023-09-29 06:47:06,368 INFO o.a.j.JMeter: Copyright (c) 1998-2023 The Apache Software Foundation
2023-09-29 06:47:06,368 INFO o.a.j.JMeter: Version 5.6.2
2023-09-29 06:47:06,368 INFO o.a.j.JMeter: java.version=1.8.0_382
2023-09-29 06:47:06,368 INFO o.a.j.JMeter: java.vm.name=OpenJDK 64-Bit Server VM
2023-09-29 06:47:06,368 INFO o.a.j.JMeter: os.name=Linux
2023-09-29 06:47:06,368 INFO o.a.j.JMeter: os.arch=amd64
2023-09-29 06:47:06,369 INFO o.a.j.JMeter: os.version=5.19.0-1025-aws
2023-09-29 06:47:06,369 INFO o.a.j.JMeter: file.encoding=UTF-8
2023-09-29 06:47:06,369 INFO o.a.j.JMeter: java.awt.headless=null
2023-09-29 06:47:06,369 INFO o.a.j.JMeter: Max memory     =1073741824
2023-09-29 06:47:06,369 INFO o.a.j.JMeter: Available Processors =1
2023-09-29 06:47:06,380 INFO o.a.j.JMeter: Default Locale=English (EN)
2023-09-29 06:47:06,380 INFO o.a.j.JMeter: JMeter  Locale=English (EN)
2023-09-29 06:47:06,380 INFO o.a.j.JMeter: JMeterHome=/home/ubuntu/apache-jmeter-5.6.2
2023-09-29 06:47:06,380 INFO o.a.j.JMeter: user.dir  =/home/ubuntu/apache-jmeter-5.6.2/bin
2023-09-29 06:47:06,381 INFO o.a.j.JMeter: PWD       =/home/ubuntu/apache-jmeter-5.6.2/bin
2023-09-29 06:47:06,385 INFO o.a.j.JMeter: IP: 172.31.47.18 Name: ip-172-31-47-18 FullName: ip-172-31-47-18.eu-west-1.compute.internal
2023-09-29 06:47:06,409 INFO o.a.j.JMeter: Loaded icon properties from org/apache/jmeter/images/icon.properties
2023-09-29 06:47:06,726 INFO o.a.j.JMeterGuiLauncher: Setting LAF to: com.github.weisj.darklaf.DarkLaf:com.github.weisj.darklaf.theme.DarculaTheme
2023-09-29 06:47:07,308 ERROR o.a.j.JMeter: An error occurred: 
java.awt.HeadlessException: 
No X11 DISPLAY variable was set, but this program performed an operation which requires it.
	at java.awt.GraphicsEnvironment.checkHeadless(GraphicsEnvironment.java:204) ~[?:1.8.0_382]
	at java.awt.Window.<init>(Window.java:536) ~[?:1.8.0_382]
	at java.awt.Frame.<init>(Frame.java:420) ~[?:1.8.0_382]
	at java.awt.Frame.<init>(Frame.java:385) ~[?:1.8.0_382]
	at javax.swing.SwingUtilities$SharedOwnerFrame.<init>(SwingUtilities.java:1763) ~[?:1.8.0_382]
	at javax.swing.SwingUtilities.getSharedOwnerFrame(SwingUtilities.java:1838) ~[?:1.8.0_382]
	at javax.swing.JDialog.<init>(JDialog.java:272) ~[?:1.8.0_382]
	at javax.swing.JDialog.<init>(JDialog.java:206) ~[?:1.8.0_382]
	at javax.swing.JDialog.<init>(JDialog.java:154) ~[?:1.8.0_382]
	at org.apache.jmeter.SplashScreen.<init>(SplashScreen.java:52) ~[ApacheJMeter_core.jar:5.6.2]
	at org.apache.jmeter.JMeterGuiLauncher.startGuiInternal(JMeterGuiLauncher.kt:87) ~[ApacheJMeter_core.jar:5.6.2]
	at org.apache.jmeter.JMeterGuiLauncher.access$startGuiInternal(JMeterGuiLauncher.kt:47) ~[ApacheJMeter_core.jar:5.6.2]
	at org.apache.jmeter.JMeterGuiLauncher$startGui$1$1.invokeSuspend(JMeterGuiLauncher.kt:67) ~[ApacheJMeter_core.jar:5.6.2]
	at kotlin.coroutines.jvm.internal.BaseContinuationImpl.resumeWith(ContinuationImpl.kt:33) ~[kotlin-stdlib-1.8.22.jar:1.8.22-release-407(1.8.22)]
	at kotlinx.coroutines.DispatchedTask.run(DispatchedTask.kt:106) ~[kotlinx-coroutines-core-jvm-1.7.1.jar:?]
	at java.awt.event.InvocationEvent.dispatch(InvocationEvent.java:311) ~[?:1.8.0_382]
	at java.awt.EventQueue.dispatchEventImpl(EventQueue.java:758) ~[?:1.8.0_382]
	at java.awt.EventQueue.access$500(EventQueue.java:97) ~[?:1.8.0_382]
	at java.awt.EventQueue$3.run(EventQueue.java:709) ~[?:1.8.0_382]
	at java.awt.EventQueue$3.run(EventQueue.java:703) ~[?:1.8.0_382]
	at java.security.AccessController.doPrivileged(Native Method) ~[?:1.8.0_382]
	at java.security.ProtectionDomain$JavaSecurityAccessImpl.doIntersectionPrivilege(ProtectionDomain.java:74) ~[?:1.8.0_382]
	at java.awt.EventQueue.dispatchEvent(EventQueue.java:728) ~[?:1.8.0_382]
	at java.awt.EventDispatchThread.pumpOneEventForFilters(EventDispatchThread.java:205) ~[?:1.8.0_382]
	at java.awt.EventDispatchThread.pumpEventsForFilter(EventDispatchThread.java:116) ~[?:1.8.0_382]
	at java.awt.EventDispatchThread.pumpEventsForHierarchy(EventDispatchThread.java:105) ~[?:1.8.0_382]
	at java.awt.EventDispatchThread.pumpEvents(EventDispatchThread.java:101) ~[?:1.8.0_382]
	at java.awt.EventDispatchThread.pumpEvents(EventDispatchThread.java:93) ~[?:1.8.0_382]
	at java.awt.EventDispatchThread.run(EventDispatchThread.java:82) ~[?:1.8.0_382]
