2023-09-29 10:31:27,762 INFO o.a.j.u.JMeterUtils: Setting Locale to en_EN
2023-09-29 10:31:27,789 INFO o.a.j.JMeter: Loading user properties from: /home/ubuntu/apache-jmeter-5.6.2/bin/user.properties
2023-09-29 10:31:27,790 INFO o.a.j.JMeter: Loading system properties from: /home/ubuntu/apache-jmeter-5.6.2/bin/system.properties
2023-09-29 10:31:27,812 INFO o.a.j.JMeter: Copyright (c) 1998-2023 The Apache Software Foundation
2023-09-29 10:31:27,812 INFO o.a.j.JMeter: Version 5.6.2
2023-09-29 10:31:27,812 INFO o.a.j.JMeter: java.version=1.8.0_382
2023-09-29 10:31:27,812 INFO o.a.j.JMeter: java.vm.name=OpenJDK 64-Bit Server VM
2023-09-29 10:31:27,812 INFO o.a.j.JMeter: os.name=Linux
2023-09-29 10:31:27,812 INFO o.a.j.JMeter: os.arch=amd64
2023-09-29 10:31:27,812 INFO o.a.j.JMeter: os.version=5.19.0-1025-aws
2023-09-29 10:31:27,812 INFO o.a.j.JMeter: file.encoding=UTF-8
2023-09-29 10:31:27,813 INFO o.a.j.JMeter: java.awt.headless=true
2023-09-29 10:31:27,813 INFO o.a.j.JMeter: Max memory     =1073741824
2023-09-29 10:31:27,813 INFO o.a.j.JMeter: Available Processors =1
2023-09-29 10:31:27,822 INFO o.a.j.JMeter: Default Locale=English (EN)
2023-09-29 10:31:27,822 INFO o.a.j.JMeter: JMeter  Locale=English (EN)
2023-09-29 10:31:27,822 INFO o.a.j.JMeter: JMeterHome=/home/ubuntu/apache-jmeter-5.6.2
2023-09-29 10:31:27,822 INFO o.a.j.JMeter: user.dir  =/home/ubuntu/apache-jmeter-5.6.2
2023-09-29 10:31:27,823 INFO o.a.j.JMeter: PWD       =/home/ubuntu/apache-jmeter-5.6.2
2023-09-29 10:31:27,826 INFO o.a.j.JMeter: IP: 172.31.47.18 Name: ip-172-31-47-18 FullName: ip-172-31-47-18.eu-west-1.compute.internal
2023-09-29 10:31:27,853 INFO o.a.j.s.FileServer: Default base='/home/ubuntu/apache-jmeter-5.6.2'
2023-09-29 10:31:27,855 INFO o.a.j.s.FileServer: Set new base='/home/ubuntu/apache-jmeter-5.6.2/bin'
2023-09-29 10:31:28,149 INFO o.a.j.s.SaveService: Testplan (JMX) version: 2.2. Testlog (JTL) version: 2.2
2023-09-29 10:31:28,182 INFO o.a.j.s.SaveService: Using SaveService properties file encoding UTF-8
2023-09-29 10:31:28,187 INFO o.a.j.s.SaveService: Using SaveService properties version 5.0
2023-09-29 10:31:28,199 INFO o.a.j.s.SaveService: Loading file: /home/ubuntu/apache-jmeter-5.6.2/bin/load-test.jmx
2023-09-29 10:31:28,337 INFO o.a.j.p.h.s.HTTPSamplerBase: Parser for text/html is org.apache.jmeter.protocol.http.parser.LagartoBasedHtmlParser
2023-09-29 10:31:28,337 INFO o.a.j.p.h.s.HTTPSamplerBase: Parser for application/xhtml+xml is org.apache.jmeter.protocol.http.parser.LagartoBasedHtmlParser
2023-09-29 10:31:28,337 INFO o.a.j.p.h.s.HTTPSamplerBase: Parser for application/xml is org.apache.jmeter.protocol.http.parser.LagartoBasedHtmlParser
2023-09-29 10:31:28,337 INFO o.a.j.p.h.s.HTTPSamplerBase: Parser for text/xml is org.apache.jmeter.protocol.http.parser.LagartoBasedHtmlParser
2023-09-29 10:31:28,338 INFO o.a.j.p.h.s.HTTPSamplerBase: Parser for text/vnd.wap.wml is org.apache.jmeter.protocol.http.parser.RegexpHTMLParser
2023-09-29 10:31:28,338 INFO o.a.j.p.h.s.HTTPSamplerBase: Parser for text/css is org.apache.jmeter.protocol.http.parser.CssParser
2023-09-29 10:31:28,948 INFO o.a.j.JMeter: Creating summariser <summary>
2023-09-29 10:31:29,046 INFO o.a.j.e.StandardJMeterEngine: Running the test!
2023-09-29 10:31:29,046 INFO o.a.j.s.SampleEvent: List of sample_variables: []
2023-09-29 10:31:29,047 INFO o.a.j.s.SampleEvent: List of sample_variables: []
2023-09-29 10:31:29,059 INFO o.a.j.e.u.CompoundVariable: Note: Function class names must contain the string: '.functions.'
2023-09-29 10:31:29,074 INFO o.a.j.e.u.CompoundVariable: Note: Function class names must not contain the string: '.gui.'
2023-09-29 10:31:29,730 INFO o.a.j.JMeter: Running test (1695983489730)
2023-09-29 10:31:29,796 INFO o.a.j.e.StandardJMeterEngine: Starting ThreadGroup: 1 : Thread Group
2023-09-29 10:31:29,796 INFO o.a.j.e.StandardJMeterEngine: Starting 1 threads for group Thread Group.
2023-09-29 10:31:29,797 INFO o.a.j.e.StandardJMeterEngine: Thread will continue on error
2023-09-29 10:31:29,797 INFO o.a.j.t.ThreadGroup: Starting thread group... number=1 threads=1 ramp-up=1 delayedStart=false
2023-09-29 10:31:29,808 INFO o.a.j.t.ThreadGroup: Started thread group number 1
2023-09-29 10:31:29,808 INFO o.a.j.e.StandardJMeterEngine: All thread groups have been started
2023-09-29 10:31:29,813 INFO o.a.j.t.JMeterThread: Thread started: Thread Group 1-1
2023-09-29 10:31:29,865 INFO o.a.j.p.h.s.HTTPHCAbstractImpl: Local host = ip-172-31-47-18
2023-09-29 10:31:29,877 INFO o.a.j.p.h.s.HTTPHC4Impl: HTTP request retry count = 0
2023-09-29 10:31:29,879 INFO o.a.j.s.SampleResult: Note: Sample TimeStamps are START times
2023-09-29 10:31:29,884 INFO o.a.j.s.SampleResult: sampleresult.default.encoding is set to UTF-8
2023-09-29 10:31:29,884 INFO o.a.j.s.SampleResult: sampleresult.useNanoTime=true
2023-09-29 10:31:29,884 INFO o.a.j.s.SampleResult: sampleresult.nanoThreadSleep=5000
2023-09-29 10:31:30,347 INFO o.a.j.p.h.s.h.LazyLayeredConnectionSocketFactory: Setting up HTTPS TrustAll Socket Factory
2023-09-29 10:31:30,364 INFO o.a.j.u.JsseSSLManager: Using default SSL protocol: TLS
2023-09-29 10:31:30,364 INFO o.a.j.u.JsseSSLManager: SSL session context: per-thread
2023-09-29 10:31:30,531 INFO o.a.j.u.SSLManager: JmeterKeyStore Location:  type JKS
2023-09-29 10:31:30,539 INFO o.a.j.u.SSLManager: KeyStore created OK
2023-09-29 10:31:30,539 WARN o.a.j.u.SSLManager: Keystore file not found, loading empty keystore
2023-09-29 10:31:31,560 INFO o.a.j.r.Summariser: summary +      1 in 00:00:02 =    0.5/s Avg:  1497 Min:  1497 Max:  1497 Err:     0 (0.00%) Active: 1 Started: 1 Finished: 0
2023-09-29 10:31:36,234 INFO o.a.j.t.JMeterThread: Thread is done: Thread Group 1-1
2023-09-29 10:31:36,234 INFO o.a.j.t.JMeterThread: Thread finished: Thread Group 1-1
2023-09-29 10:31:36,244 INFO o.a.j.e.StandardJMeterEngine: Notifying test listeners of end of test
2023-09-29 10:31:36,244 INFO o.a.j.r.Summariser: summary +      2 in 00:00:05 =    0.4/s Avg:  2336 Min:   791 Max:  3881 Err:     0 (0.00%) Active: 0 Started: 1 Finished: 1
2023-09-29 10:31:36,245 INFO o.a.j.r.Summariser: summary =      3 in 00:00:07 =    0.5/s Avg:  2056 Min:   791 Max:  3881 Err:     0 (0.00%)
